2020-03-27T01:59:36.925Z - normal: Load ~/.CocosCreator/settings.json
2020-03-27T01:59:36.960Z - normal: Initializing Asset Database
2020-03-27T01:59:36.961Z - normal: checking language setting...
2020-03-27T01:59:36.961Z - normal: Language: zh
2020-03-27T01:59:37.510Z - success: preview server running at http://localhost:7456
2020-03-27T01:59:37.523Z - success: protocol editor-framework registered
2020-03-27T01:59:37.523Z - success: protocol app registered
2020-03-27T01:59:37.523Z - success: protocol theme registered
2020-03-27T01:59:37.523Z - success: protocol packages registered
2020-03-27T01:59:37.523Z - success: protocol uuid registerred
2020-03-27T01:59:37.523Z - success: protocol db registerred
2020-03-27T01:59:37.523Z - success: protocol thumbnail registerred
2020-03-27T01:59:37.523Z - success: protocol unpack registerred
2020-03-27T01:59:37.524Z - success: protocol disable-commonjs registerred
2020-03-27T01:59:37.791Z - normal: connected!
2020-03-27T01:59:37.792Z - normal: Check project /Users/work/web-ceshi
2020-03-27T01:59:37.793Z - normal: Initializing project /Users/work/web-ceshi
2020-03-27T01:59:37.801Z - success: adapters loaded
2020-03-27T01:59:37.804Z - success: asset-db-debugger loaded
2020-03-27T01:59:37.844Z - success: fb-audience-network loaded
2020-03-27T01:59:37.862Z - success: fb-live-stream loaded
2020-03-27T01:59:37.863Z - success: google-play-instant loaded
2020-03-27T01:59:37.864Z - success: huawei-adapter loaded
2020-03-27T01:59:37.864Z - success: jkw-adapter loaded
2020-03-27T01:59:37.864Z - success: jsb-adapter loaded
2020-03-27T01:59:37.864Z - success: oppo-adapter loaded
2020-03-27T01:59:37.867Z - success: package-manager loaded
2020-03-27T01:59:37.867Z - success: qtt-adapter loaded
2020-03-27T01:59:37.868Z - success: runtime-dev-tools loaded
2020-03-27T01:59:37.879Z - success: sdkbox loaded
2020-03-27T01:59:37.881Z - success: ui-kit-preview-extra loaded
2020-03-27T01:59:37.883Z - success: ui-kit-preview loaded
2020-03-27T01:59:37.883Z - success: vivo-adapter loaded
2020-03-27T01:59:37.917Z - success: alipay-minigame loaded
2020-03-27T01:59:37.968Z - success: assets loaded
2020-03-27T01:59:37.969Z - success: baidugame-opendata loaded
2020-03-27T01:59:37.970Z - success: baidugame loaded
2020-03-27T01:59:37.972Z - success: builder loaded
2020-03-27T01:59:38.060Z - success: cocos-services loaded
2020-03-27T01:59:38.063Z - success: console loaded
2020-03-27T01:59:38.063Z - success: curve-editor loaded
2020-03-27T01:59:38.070Z - success: fb-instant-games loaded
2020-03-27T01:59:38.072Z - success: game-window loaded
2020-03-27T01:59:38.073Z - success: google-instant-games loaded
2020-03-27T01:59:38.075Z - success: hierarchy loaded
2020-03-27T01:59:38.077Z - success: huawei-runtime loaded
2020-03-27T01:59:38.078Z - success: inspector loaded
2020-03-27T01:59:38.115Z - success: cpk-publish loaded
2020-03-27T01:59:38.115Z - success: keystore loaded
2020-03-27T01:59:38.121Z - success: node-library loaded
2020-03-27T01:59:38.121Z - success: open-recent-items loaded
2020-03-27T01:59:38.123Z - success: oppo-runtime loaded
2020-03-27T01:59:38.123Z - success: package-asset loaded
2020-03-27T01:59:38.124Z - success: preferences loaded
2020-03-27T01:59:38.126Z - success: project-importer loaded
2020-03-27T01:59:38.128Z - success: project-settings loaded
2020-03-27T01:59:38.136Z - success: qtt-runtime loaded
2020-03-27T01:59:38.138Z - success: scene loaded
2020-03-27T01:59:38.139Z - success: simulator-debugger loaded
2020-03-27T01:59:38.139Z - success: sprite-editor loaded
2020-03-27T01:59:38.141Z - success: store loaded
2020-03-27T01:59:38.143Z - success: timeline loaded
2020-03-27T01:59:38.145Z - success: vivo-runtime loaded
2020-03-27T01:59:38.147Z - success: wechatgame-opendata loaded
2020-03-27T01:59:38.149Z - success: wechatgame loaded
2020-03-27T01:59:38.151Z - success: xiaomi-runtime loaded
2020-03-27T01:59:39.285Z - normal: Initializing Cocos2d
2020-03-27T01:59:39.491Z - normal: Initializing engine extends
2020-03-27T01:59:39.929Z - normal: Loading packages
2020-03-27T01:59:39.931Z - normal: Watching packages
2020-03-27T01:59:39.990Z - normal: Run Application
2020-03-27T01:59:42.159Z - info: Cocos Service load base data!
2020-03-27T02:00:05.410Z - normal: Start building with options : {
  "actualPlatform": "web-mobile",
  "android": {
    "packageName": "org.cocos2d.helloworld"
  },
  "android-instant": {
    "REMOTE_SERVER_ROOT": "",
    "host": "",
    "packageName": "org.cocos2d.helloworld",
    "pathPattern": "",
    "recordPath": "",
    "scheme": "https",
    "skipRecord": false
  },
  "apiLevel": "",
  "appABIs": [],
  "appBundle": false,
  "buildPath": "/Users/work/web-ceshi/build",
  "buildScriptsOnly": false,
  "debug": false,
  "dest": "/Users/work/web-ceshi/build/web-mobile",
  "embedWebDebugger": false,
  "encryptJs": true,
  "excludeScenes": [],
  "excludedModules": [
    "3D Physics/cannon.js",
    "3D Physics/Builtin",
    "3D Particle"
  ],
  "fb-instant-games": {},
  "includeSDKBox": false,
  "inlineSpriteFrames": true,
  "inlineSpriteFrames_native": true,
  "ios": {
    "packageName": "org.cocos2d.helloworld"
  },
  "mac": {
    "packageName": "org.cocos2d.helloworld"
  },
  "md5Cache": false,
  "mergeStartScene": false,
  "optimizeHotUpdate": false,
  "orientation": {
    "landscapeLeft": true,
    "landscapeRight": true,
    "portrait": false,
    "upsideDown": false
  },
  "packageName": "org.cocos2d.helloworld",
  "platform": "web-mobile",
  "previewHeight": "720",
  "previewWidth": "1280",
  "scenes": [
    "2d2f792f-a40c-49bb-a189-ed176a246e49"
  ],
  "sourceMaps": false,
  "startScene": "2d2f792f-a40c-49bb-a189-ed176a246e49",
  "template": "link",
  "title": "hello_world",
  "useDebugKeystore": true,
  "vsVersion": "auto",
  "webOrientation": "auto",
  "win32": {},
  "xxteaKey": "2b0fbcdd-d0a6-4c",
  "zipCompressJs": true,
  "project": "/Users/work/web-ceshi",
  "projectName": "hello_world",
  "debugBuildWorker": false
}
2020-03-27T02:00:05.411Z - normal: Building /Users/work/web-ceshi
2020-03-27T02:00:05.411Z - normal: Destination /Users/work/web-ceshi/build/web-mobile
2020-03-27T02:00:05.490Z - normal: Delete /Users/work/web-ceshi/build/web-mobile/subpackages/**/*,/Users/work/web-ceshi/build/web-mobile/**/*
2020-03-27T02:00:43.458Z - normal: Start building assets
2020-03-27T02:00:43.458Z - normal: Start spawn build-worker
2020-03-27T02:00:43.899Z - normal: Finish spawn build-worker
2020-03-27T02:00:43.899Z - normal: Start init build-worker
2020-03-27T02:00:45.289Z - normal: Finish init build-worker
2020-03-27T02:00:45.289Z - normal: Start build-assets in worker
2020-03-27T02:00:45.394Z - normal: Finish build-assets in worker
2020-03-27T02:00:45.395Z - normal: Finish building assets
2020-03-27T02:00:45.396Z - normal: Start building plugin scripts
2020-03-27T02:00:45.441Z - normal: Generating main.js from /Applications/CocosCreator/Creator/2.3.2/CocosCreator.app/Contents/Resources/static/build-templates/shares/main.js
2020-03-27T02:00:45.446Z - normal: Generating html from /Applications/CocosCreator/Creator/2.3.2/CocosCreator.app/Contents/Resources/static/build-templates/web-mobile/template/index.html
2020-03-27T02:00:45.457Z - normal: Built to "/Users/work/web-ceshi/build/web-mobile" successfully
